<?xml version="1.0" encoding="UTF-8"?>
<testng-results retried="1" ignored="1" total="7" passed="4" failed="1" skipped="0">
  <reporter-output>
  </reporter-output>
  <suite started-at="2024-12-21T23:03:33 IST" name="Suite" finished-at="2024-12-21T23:04:41 IST" duration-ms="67948">
    <groups>
      <group name="ErrorHandling">
        <method signature="ErrorValidation.verifyUserName()[pri:0, instance:AutomationFramework.tests.ErrorValidation@3fa247d1]" name="verifyUserName" class="AutomationFramework.tests.ErrorValidation"/>
        <method signature="ErrorValidation.verifyUserpassword()[pri:0, instance:AutomationFramework.tests.ErrorValidation@3fa247d1]" name="verifyUserpassword" class="AutomationFramework.tests.ErrorValidation"/>
      </group> <!-- ErrorHandling -->
      <group name="Purchase">
        <method signature="submitOrderTest.submitOrder(java.util.HashMap)[pri:0, instance:AutomationFramework.tests.submitOrderTest@7d9f158f]" name="submitOrder" class="AutomationFramework.tests.submitOrderTest"/>
      </group> <!-- Purchase -->
    </groups>
    <test started-at="2024-12-21T23:03:33 IST" name="Error Validation Test" finished-at="2024-12-21T23:04:02 IST" duration-ms="29408">
      <class name="AutomationFramework.tests.ErrorValidation">
        <test-method is-config="true" signature="launchApplication()[pri:0, instance:AutomationFramework.tests.ErrorValidation@3fa247d1]" started-at="2024-12-21T23:03:33 IST" name="launchApplication" finished-at="2024-12-21T23:03:43 IST" duration-ms="9940" status="PASS">
          <reporter-output>
          </reporter-output>
        </test-method> <!-- launchApplication -->
        <test-method signature="verifyUserName()[pri:0, instance:AutomationFramework.tests.ErrorValidation@3fa247d1]" started-at="2024-12-21T23:03:43 IST" name="verifyUserName" finished-at="2024-12-21T23:03:44 IST" duration-ms="984" status="PASS">
          <reporter-output>
          </reporter-output>
        </test-method> <!-- verifyUserName -->
        <test-method is-config="true" signature="tearDown()[pri:0, instance:AutomationFramework.tests.ErrorValidation@3fa247d1]" started-at="2024-12-21T23:03:44 IST" name="tearDown" finished-at="2024-12-21T23:03:44 IST" duration-ms="346" status="PASS">
          <reporter-output>
          </reporter-output>
        </test-method> <!-- tearDown -->
        <test-method is-config="true" signature="launchApplication()[pri:0, instance:AutomationFramework.tests.ErrorValidation@3fa247d1]" started-at="2024-12-21T23:03:44 IST" name="launchApplication" finished-at="2024-12-21T23:03:56 IST" duration-ms="12236" status="PASS">
          <reporter-output>
          </reporter-output>
        </test-method> <!-- launchApplication -->
        <test-method signature="verifyUserpassword()[pri:0, instance:AutomationFramework.tests.ErrorValidation@3fa247d1]" started-at="2024-12-21T23:03:56 IST" name="verifyUserpassword" finished-at="2024-12-21T23:03:57 IST" duration-ms="1016" status="FAIL">
          <exception class="java.lang.AssertionError">
            <message>
              <![CDATA[expected [Incorrect email or password.] but found [Incorrect email password.]]]>
            </message>
            <full-stacktrace>
              <![CDATA[java.lang.AssertionError: expected [Incorrect email or password.] but found [Incorrect email password.]
at org.testng.Assert.fail(Assert.java:111)
at org.testng.Assert.failNotEquals(Assert.java:1578)
at org.testng.Assert.assertEqualsImpl(Assert.java:150)
at org.testng.Assert.assertEquals(Assert.java:132)
at org.testng.Assert.assertEquals(Assert.java:656)
at org.testng.Assert.assertEquals(Assert.java:666)
at AutomationFramework.tests.ErrorValidation.verifyUserpassword(ErrorValidation.java:25)
at java.base/jdk.internal.reflect.DirectMethodHandleAccessor.invoke(DirectMethodHandleAccessor.java:103)
at java.base/java.lang.reflect.Method.invoke(Method.java:580)
at org.testng.internal.invokers.MethodInvocationHelper.invokeMethod(MethodInvocationHelper.java:141)
at org.testng.internal.invokers.TestInvoker.invokeMethod(TestInvoker.java:686)
at org.testng.internal.invokers.TestInvoker.invokeTestMethod(TestInvoker.java:230)
at org.testng.internal.invokers.MethodRunner.runInSequence(MethodRunner.java:63)
at org.testng.internal.invokers.TestInvoker$MethodInvocationAgent.invoke(TestInvoker.java:992)
at org.testng.internal.invokers.TestInvoker.invokeTestMethods(TestInvoker.java:203)
at org.testng.internal.invokers.TestMethodWorker.invokeTestMethods(TestMethodWorker.java:154)
at org.testng.internal.invokers.TestMethodWorker.run(TestMethodWorker.java:134)
at java.base/java.util.ArrayList.forEach(ArrayList.java:1596)
at org.testng.TestRunner.privateRun(TestRunner.java:739)
at org.testng.TestRunner.run(TestRunner.java:614)
at org.testng.SuiteRunner.runTest(SuiteRunner.java:421)
at org.testng.SuiteRunner$SuiteWorker.run(SuiteRunner.java:463)
at org.testng.internal.thread.ThreadUtil.lambda$execute$0(ThreadUtil.java:64)
at java.base/java.util.concurrent.FutureTask.run(FutureTask.java:317)
at java.base/java.util.concurrent.ThreadPoolExecutor.runWorker(ThreadPoolExecutor.java:1144)
at java.base/java.util.concurrent.ThreadPoolExecutor$Worker.run(ThreadPoolExecutor.java:642)
at java.base/java.lang.Thread.run(Thread.java:1583)
]]>
            </full-stacktrace>
          </exception> <!-- java.lang.AssertionError -->
          <reporter-output>
          </reporter-output>
        </test-method> <!-- verifyUserpassword -->
        <test-method is-config="true" signature="tearDown()[pri:0, instance:AutomationFramework.tests.ErrorValidation@3fa247d1]" started-at="2024-12-21T23:04:01 IST" name="tearDown" finished-at="2024-12-21T23:04:02 IST" duration-ms="879" status="PASS">
          <reporter-output>
          </reporter-output>
        </test-method> <!-- tearDown -->
      </class> <!-- AutomationFramework.tests.ErrorValidation -->
    </test> <!-- Error Validation Test -->
    <test started-at="2024-12-21T23:03:33 IST" name="Submit Order Test" finished-at="2024-12-21T23:04:41 IST" duration-ms="67948">
      <class name="AutomationFramework.tests.submitOrderTest">
        <test-method is-config="true" signature="launchApplication()[pri:0, instance:AutomationFramework.tests.submitOrderTest@7d9f158f]" started-at="2024-12-21T23:03:33 IST" name="launchApplication" finished-at="2024-12-21T23:03:44 IST" duration-ms="10508" status="PASS">
          <reporter-output>
          </reporter-output>
        </test-method> <!-- launchApplication -->
        <test-method retried="true" signature="submitOrder(java.util.HashMap)[pri:0, instance:AutomationFramework.tests.submitOrderTest@7d9f158f]" started-at="2024-12-21T23:03:44 IST" name="submitOrder" data-provider="getData" finished-at="2024-12-21T23:03:47 IST" duration-ms="3377" status="SKIP">
          <params>
            <param index="0">
              <value>
                <![CDATA[{password=Vikas@98, product=ZARA COAT 3, email=vikassikarwar427@gmail.com}]]>
              </value>
            </param>
          </params>
          <exception class="org.openqa.selenium.ElementClickInterceptedException">
            <message>
              <![CDATA[element click intercepted: Element <button _ngcontent-bmm-c33="" routerlink="/dashboard/cart" class="btn btn-custom" style="margin-top: -10px;" tabindex="0">...</button> is not clickable at point (1142, 27). Other element would receive the click: <div _ngcontent-bmm-c31="" class="ngx-spinner-overlay ng-tns-c31-1 ng-trigger ng-trigger-fadeIn ng-star-inserted ng-animating" style="background-color: rgba(51, 51, 51, 0.8); z-index: 99999; position: fixed;">...</div>
  (Session info: chrome=131.0.6778.205)
Build info: version: '4.27.0', revision: 'd6e718d134'
System info: os.name: 'Windows 10', os.arch: 'amd64', os.version: '10.0', java.version: '21.0.5'
Driver info: org.openqa.selenium.chrome.ChromeDriver
Command: [4974c138a39940f67a12c05469e60051, clickElement {id=f.747701A2A8E5055BF3463EF5351A9987.d.352CF2C2468EB25B2BF77CCE1D6A2888.e.85}]
Capabilities {acceptInsecureCerts: false, browserName: chrome, browserVersion: 131.0.6778.205, chrome: {chromedriverVersion: 131.0.6778.204 (52183f9e99a..., userDataDir: C:\Users\VIJAYD~1\AppData\L...}, fedcm:accounts: true, goog:chromeOptions: {debuggerAddress: localhost:63635}, networkConnectionEnabled: false, pageLoadStrategy: normal, platformName: windows, proxy: Proxy(), se:cdp: ws://localhost:63635/devtoo..., se:cdpVersion: 131.0.6778.205, setWindowRect: true, strictFileInteractability: false, timeouts: {implicit: 0, pageLoad: 300000, script: 30000}, unhandledPromptBehavior: dismiss and notify, webauthn:extension:credBlob: true, webauthn:extension:largeBlob: true, webauthn:extension:minPinLength: true, webauthn:extension:prf: true, webauthn:virtualAuthenticators: true}
Element: [[ChromeDriver: chrome on windows (4974c138a39940f67a12c05469e60051)] -> css selector: [routerlink*= 'cart']]
Session ID: 4974c138a39940f67a12c05469e60051]]>
            </message>
            <full-stacktrace>
              <![CDATA[org.openqa.selenium.ElementClickInterceptedException: element click intercepted: Element <button _ngcontent-bmm-c33="" routerlink="/dashboard/cart" class="btn btn-custom" style="margin-top: -10px;" tabindex="0">...</button> is not clickable at point (1142, 27). Other element would receive the click: <div _ngcontent-bmm-c31="" class="ngx-spinner-overlay ng-tns-c31-1 ng-trigger ng-trigger-fadeIn ng-star-inserted ng-animating" style="background-color: rgba(51, 51, 51, 0.8); z-index: 99999; position: fixed;">...</div>
  (Session info: chrome=131.0.6778.205)
Build info: version: '4.27.0', revision: 'd6e718d134'
System info: os.name: 'Windows 10', os.arch: 'amd64', os.version: '10.0', java.version: '21.0.5'
Driver info: org.openqa.selenium.chrome.ChromeDriver
Command: [4974c138a39940f67a12c05469e60051, clickElement {id=f.747701A2A8E5055BF3463EF5351A9987.d.352CF2C2468EB25B2BF77CCE1D6A2888.e.85}]
Capabilities {acceptInsecureCerts: false, browserName: chrome, browserVersion: 131.0.6778.205, chrome: {chromedriverVersion: 131.0.6778.204 (52183f9e99a..., userDataDir: C:\Users\VIJAYD~1\AppData\L...}, fedcm:accounts: true, goog:chromeOptions: {debuggerAddress: localhost:63635}, networkConnectionEnabled: false, pageLoadStrategy: normal, platformName: windows, proxy: Proxy(), se:cdp: ws://localhost:63635/devtoo..., se:cdpVersion: 131.0.6778.205, setWindowRect: true, strictFileInteractability: false, timeouts: {implicit: 0, pageLoad: 300000, script: 30000}, unhandledPromptBehavior: dismiss and notify, webauthn:extension:credBlob: true, webauthn:extension:largeBlob: true, webauthn:extension:minPinLength: true, webauthn:extension:prf: true, webauthn:virtualAuthenticators: true}
Element: [[ChromeDriver: chrome on windows (4974c138a39940f67a12c05469e60051)] -> css selector: [routerlink*= 'cart']]
Session ID: 4974c138a39940f67a12c05469e60051
at java.base/jdk.internal.reflect.DirectConstructorHandleAccessor.newInstance(DirectConstructorHandleAccessor.java:62)
at java.base/java.lang.reflect.Constructor.newInstanceWithCaller(Constructor.java:502)
at java.base/java.lang.reflect.Constructor.newInstance(Constructor.java:486)
at org.openqa.selenium.remote.ErrorCodec.decode(ErrorCodec.java:167)
at org.openqa.selenium.remote.codec.w3c.W3CHttpResponseCodec.decode(W3CHttpResponseCodec.java:138)
at org.openqa.selenium.remote.codec.w3c.W3CHttpResponseCodec.decode(W3CHttpResponseCodec.java:50)
at org.openqa.selenium.remote.HttpCommandExecutor.execute(HttpCommandExecutor.java:190)
at org.openqa.selenium.remote.service.DriverCommandExecutor.invokeExecute(DriverCommandExecutor.java:216)
at org.openqa.selenium.remote.service.DriverCommandExecutor.execute(DriverCommandExecutor.java:174)
at org.openqa.selenium.remote.RemoteWebDriver.execute(RemoteWebDriver.java:545)
at org.openqa.selenium.remote.RemoteWebElement.execute(RemoteWebElement.java:223)
at org.openqa.selenium.remote.RemoteWebElement.click(RemoteWebElement.java:76)
at java.base/jdk.internal.reflect.DirectMethodHandleAccessor.invoke(DirectMethodHandleAccessor.java:103)
at java.base/java.lang.reflect.Method.invoke(Method.java:580)
at org.openqa.selenium.support.pagefactory.internal.LocatingElementHandler.invoke(LocatingElementHandler.java:51)
at jdk.proxy2/jdk.proxy2.$Proxy16.click(Unknown Source)
at AutomationFramework.AbstractComponents.AbstractComponent.goToCart(AbstractComponent.java:34)
at AutomationFramework.tests.submitOrderTest.submitOrder(submitOrderTest.java:39)
at java.base/jdk.internal.reflect.DirectMethodHandleAccessor.invoke(DirectMethodHandleAccessor.java:103)
at java.base/java.lang.reflect.Method.invoke(Method.java:580)
at org.testng.internal.invokers.MethodInvocationHelper.invokeMethod(MethodInvocationHelper.java:141)
at org.testng.internal.invokers.TestInvoker.invokeMethod(TestInvoker.java:686)
at org.testng.internal.invokers.TestInvoker.invokeTestMethod(TestInvoker.java:230)
at org.testng.internal.invokers.MethodRunner.runInSequence(MethodRunner.java:63)
at org.testng.internal.invokers.TestInvoker$MethodInvocationAgent.invoke(TestInvoker.java:992)
at org.testng.internal.invokers.TestInvoker.invokeTestMethods(TestInvoker.java:203)
at org.testng.internal.invokers.TestMethodWorker.invokeTestMethods(TestMethodWorker.java:154)
at org.testng.internal.invokers.TestMethodWorker.run(TestMethodWorker.java:134)
at java.base/java.util.ArrayList.forEach(ArrayList.java:1596)
at org.testng.TestRunner.privateRun(TestRunner.java:739)
at org.testng.TestRunner.run(TestRunner.java:614)
at org.testng.SuiteRunner.runTest(SuiteRunner.java:421)
at org.testng.SuiteRunner$SuiteWorker.run(SuiteRunner.java:463)
at org.testng.internal.thread.ThreadUtil.lambda$execute$0(ThreadUtil.java:64)
at java.base/java.util.concurrent.FutureTask.run(FutureTask.java:317)
at java.base/java.util.concurrent.ThreadPoolExecutor.runWorker(ThreadPoolExecutor.java:1144)
at java.base/java.util.concurrent.ThreadPoolExecutor$Worker.run(ThreadPoolExecutor.java:642)
at java.base/java.lang.Thread.run(Thread.java:1583)
]]>
            </full-stacktrace>
          </exception> <!-- org.openqa.selenium.ElementClickInterceptedException -->
          <reporter-output>
          </reporter-output>
        </test-method> <!-- submitOrder -->
        <test-method is-config="true" signature="tearDown()[pri:0, instance:AutomationFramework.tests.submitOrderTest@7d9f158f]" started-at="2024-12-21T23:03:47 IST" name="tearDown" finished-at="2024-12-21T23:03:51 IST" duration-ms="4275" status="PASS">
          <reporter-output>
          </reporter-output>
        </test-method> <!-- tearDown -->
        <test-method is-config="true" signature="launchApplication()[pri:0, instance:AutomationFramework.tests.submitOrderTest@7d9f158f]" started-at="2024-12-21T23:03:51 IST" name="launchApplication" finished-at="2024-12-21T23:03:58 IST" duration-ms="6619" status="PASS">
          <reporter-output>
          </reporter-output>
        </test-method> <!-- launchApplication -->
        <test-method signature="submitOrder(java.util.HashMap)[pri:0, instance:AutomationFramework.tests.submitOrderTest@7d9f158f]" started-at="2024-12-21T23:03:58 IST" name="submitOrder" data-provider="getData" finished-at="2024-12-21T23:04:03 IST" duration-ms="5120" status="PASS">
          <params>
            <param index="0">
              <value>
                <![CDATA[{password=Vikas@98, product=ZARA COAT 3, email=vikassikarwar427@gmail.com}]]>
              </value>
            </param>
          </params>
          <reporter-output>
          </reporter-output>
        </test-method> <!-- submitOrder -->
        <test-method is-config="true" signature="tearDown()[pri:0, instance:AutomationFramework.tests.submitOrderTest@7d9f158f]" started-at="2024-12-21T23:04:03 IST" name="tearDown" finished-at="2024-12-21T23:04:03 IST" duration-ms="243" status="PASS">
          <reporter-output>
          </reporter-output>
        </test-method> <!-- tearDown -->
        <test-method is-config="true" signature="launchApplication()[pri:0, instance:AutomationFramework.tests.submitOrderTest@7d9f158f]" started-at="2024-12-21T23:04:03 IST" name="launchApplication" finished-at="2024-12-21T23:04:12 IST" duration-ms="9047" status="PASS">
          <reporter-output>
          </reporter-output>
        </test-method> <!-- launchApplication -->
        <test-method signature="submitOrder(java.util.HashMap)[pri:0, instance:AutomationFramework.tests.submitOrderTest@7d9f158f]" started-at="2024-12-21T23:04:12 IST" name="submitOrder" data-provider="getData" finished-at="2024-12-21T23:04:16 IST" duration-ms="3998" status="PASS">
          <params>
            <param index="0">
              <value>
                <![CDATA[{password=Varun@98, product=ADIDAS ORIGINAL, email=varunchouhan430@gmail.com}]]>
              </value>
            </param>
          </params>
          <reporter-output>
          </reporter-output>
        </test-method> <!-- submitOrder -->
        <test-method is-config="true" signature="tearDown()[pri:0, instance:AutomationFramework.tests.submitOrderTest@7d9f158f]" started-at="2024-12-21T23:04:16 IST" name="tearDown" finished-at="2024-12-21T23:04:17 IST" duration-ms="164" status="PASS">
          <reporter-output>
          </reporter-output>
        </test-method> <!-- tearDown -->
        <test-method is-config="true" signature="launchApplication()[pri:0, instance:AutomationFramework.tests.submitOrderTest@7d9f158f]" started-at="2024-12-21T23:04:17 IST" name="launchApplication" finished-at="2024-12-21T23:04:38 IST" duration-ms="21933" status="PASS">
          <reporter-output>
          </reporter-output>
        </test-method> <!-- launchApplication -->
        <test-method signature="orderHistoryTest()[pri:0, instance:AutomationFramework.tests.submitOrderTest@7d9f158f]" started-at="2024-12-21T23:04:38 IST" name="orderHistoryTest" finished-at="2024-12-21T23:04:41 IST" depends-on-methods="AutomationFramework.tests.submitOrderTest.submitOrder" duration-ms="2050" status="PASS">
          <reporter-output>
          </reporter-output>
        </test-method> <!-- orderHistoryTest -->
        <test-method is-config="true" signature="tearDown()[pri:0, instance:AutomationFramework.tests.submitOrderTest@7d9f158f]" started-at="2024-12-21T23:04:41 IST" name="tearDown" finished-at="2024-12-21T23:04:41 IST" duration-ms="300" status="PASS">
          <reporter-output>
          </reporter-output>
        </test-method> <!-- tearDown -->
      </class> <!-- AutomationFramework.tests.submitOrderTest -->
    </test> <!-- Submit Order Test -->
  </suite> <!-- Suite -->
</testng-results>
